build/app/outputs/mapping/r8/release/mapping.txt
# compiler: R8
# compiler_version: 1.2.49
# min_api: 23
com.example.akar.MainActivity -> com.example.akar.MainActivity:
...
com.google.firestore.v1.DocumentTransformOrBuilder -> b.a.e.a.K:
com.google.firestore.v1.ExistenceFilter -> b.a.e.a.M:
    int count_ -> g
    int targetId_ -> f
    com.google.firestore.v1.ExistenceFilter DEFAULT_INSTANCE -> d
    com.google.protobuf.Parser PARSER -> e
    com.google.firestore.v1.ExistenceFilter access$000() -> p
    com.google.firestore.v1.ExistenceFilter getDefaultInstance() -> n
    com.google.protobuf.Parser parser() -> o
    int getCount() -> r
    int getSerializedSize() -> d
    int getTargetId() -> q
    java.lang.Object dynamicMethod(com.google.protobuf.GeneratedMessageLite$MethodToInvoke,java.lang.Object,java.lang.Object) -> a
    void writeTo(com.google.protobuf.CodedOutputStream) -> a
com.google.firestore.v1.ExistenceFilter$1 -> b.a.e.a.L:
    int[] $SwitchMap$com$google$protobuf$GeneratedMessageLite$MethodToInvoke -> a
com.google.firestore.v1.ExistenceFilter$Builder -> b.a.e.a.M$a:
com.google.firestore.v1.ExistenceFilterOrBuilder -> b.a.e.a.N:
com.google.firestore.v1.FirestoreGrpc -> b.a.e.a.P:
    io.grpc.MethodDescriptor getBatchGetDocumentsMethod -> a
    io.grpc.MethodDescriptor getCommitMethod -> b
    io.grpc.MethodDescriptor getListenMethod -> d
    io.grpc.MethodDescriptor getWriteMethod -> c
    com.google.firestore.v1.FirestoreGrpc$FirestoreStub newStub(io.grpc.Channel) -> a
    io.grpc.MethodDescriptor getBatchGetDocumentsMethod() -> a
    io.grpc.MethodDescriptor getCommitMethod() -> b
    io.grpc.MethodDescriptor getListenMethod() -> d
    io.grpc.MethodDescriptor getWriteMethod() -> c
com.google.firestore.v1.FirestoreGrpc$1 -> b.a.e.a.O:
com.google.firestore.v1.FirestoreGrpc$FirestoreStub -> b.a.e.a.P$a:
    com.google.firestore.v1.FirestoreGrpc$FirestoreStub build(io.grpc.Channel,io.grpc.CallOptions) -> b
    io.grpc.stub.AbstractStub build(io.grpc.Channel,io.grpc.CallOptions) -> a
com.google.firestore.v1.ListenRequest -> b.a.e.a.R:
    com.google.protobuf.MapFieldLite labels_ -> j
    int bitField0_ -> f
    int targetChangeCase_ -> g
    java.lang.Object targetChange_ -> h
    java.lang.String database_ -> i
    com.google.firestore.v1.ListenRequest DEFAULT_INSTANCE -> d
    com.google.protobuf.Parser PARSER -> e
    com.google.firestore.v1.ListenRequest access$000() -> p
    com.google.firestore.v1.ListenRequest getDefaultInstance() -> o
    com.google.firestore.v1.ListenRequest$Builder newBuilder() -> n
    com.google.protobuf.MapFieldLite internalGetLabels() -> s
    com.google.protobuf.MapFieldLite internalGetMutableLabels() -> t
    java.util.Map access$1100(com.google.firestore.v1.ListenRequest) -> a
    java.util.Map getMutableLabelsMap() -> u
    void access$200(com.google.firestore.v1.ListenRequest,java.lang.String) -> a
    void access$500(com.google.firestore.v1.ListenRequest,com.google.firestore.v1.Target) -> a
    void access$900(com.google.firestore.v1.ListenRequest,int) -> a
    void setAddTarget(com.google.firestore.v1.Target) -> a
    void setDatabase(java.lang.String) -> b
    void setRemoveTarget(int) -> a
    com.google.firestore.v1.ListenRequest$TargetChangeCase getTargetChangeCase() -> q
    int getSerializedSize() -> d
    java.lang.Object dynamicMethod(com.google.protobuf.GeneratedMessageLite$MethodToInvoke,java.lang.Object,java.lang.Object) -> a
    java.lang.String getDatabase() -> r
com.google.firestore.v1.ListenRequest$1 -> b.a.e.a.Q:
    int[] $SwitchMap$com$google$firestore$v1$ListenRequest$TargetChangeCase -> a
    int[] $SwitchMap$com$google$protobuf$GeneratedMessageLite$MethodToInvoke -> b
com.google.firestore.v1.ListenRequest$Builder -> b.a.e.a.R$a:
    com.google.firestore.v1.ListenRequest$Builder putAllLabels(java.util.Map) -> a
    com.google.firestore.v1.ListenRequest$Builder setAddTarget(com.google.firestore.v1.Target) -> a
    com.google.firestore.v1.ListenRequest$Builder setDatabase(java.lang.String) -> a
    com.google.firestore.v1.ListenRequest$Builder setRemoveTarget(int) -> a